
 Index  Count   Time of last Occurrence   Exception SourceId ProbeId
------+------+---------------------------+--------------------------
     1      0    2/11/10 10:44:44:821 CST java.lang.NullPointerException com.ibm.ISecurityLocalObjectBaseL13Impl.APPSECTaggedComponent.getAPPSECComponentData 302
     2      0    2/11/10 10:44:44:821 CST java.lang.NullPointerException com.ibm.ISecurityLocalObjectBaseL13Impl.SecurityComponentFactory.establish_components 436
     3      1    2/11/10 10:44:48:684 CST java.lang.ClassNotFoundException com.ibm.ws.management.AdminHelper.<clinit> 33
------+------+---------------------------+--------------------------

 Index  Count   Time of last Occurrence   Exception SourceId ProbeId
------+------+---------------------------+--------------------------
     1      0    2/11/10 10:45:48:470 CST java.lang.NullPointerException com.ibm.ISecurityLocalObjectBaseL13Impl.APPSECTaggedComponent.getAPPSECComponentData 302
     2      0    2/11/10 10:45:48:470 CST java.lang.NullPointerException com.ibm.ISecurityLocalObjectBaseL13Impl.SecurityComponentFactory.establish_components 436
     3      1    2/11/10 10:45:50:570 CST java.lang.ClassNotFoundException com.ibm.ws.management.AdminHelper.<clinit> 33
------+------+---------------------------+--------------------------
+    4      1    2/11/10 10:46:03:542 CST com.ibm.websphere.objectgrid.ConnectException com.ibm.ws.objectgrid.em.EMFactoryImpl.activate 340
+    5      1    2/11/10 10:46:03:573 CST com.ibm.websphere.objectgrid.em.PersistenceException com.ibm.ws.objectgrid.Launcher.launchServerRuntimeFrameWork 381

 Index  Count   Time of last Occurrence   Exception SourceId ProbeId
------+------+---------------------------+--------------------------
     1      0    2/11/10 10:46:31:985 CST java.lang.NullPointerException com.ibm.ISecurityLocalObjectBaseL13Impl.APPSECTaggedComponent.getAPPSECComponentData 302
     2      0    2/11/10 10:46:31:985 CST java.lang.NullPointerException com.ibm.ISecurityLocalObjectBaseL13Impl.SecurityComponentFactory.establish_components 436
     3      1    2/11/10 10:46:34:067 CST java.lang.ClassNotFoundException com.ibm.ws.management.AdminHelper.<clinit> 33
------+------+---------------------------+--------------------------
+    4      1    2/11/10 10:46:54:318 CST org.xml.sax.SAXParseException com.ibm.ws.objectgrid.config.XmlConfigBuilder.buildObjectGridConfigurations() 366
+    5      1    2/11/10 10:46:54:346 CST java.lang.reflect.InvocationTargetException com.ibm.websphere.objectgrid.ObjectGridManagerImpl.getObjectGridConfiguration 151

 Index  Count   Time of last Occurrence   Exception SourceId ProbeId
------+------+---------------------------+--------------------------
     1      0    2/11/10 10:47:22:189 CST java.lang.NullPointerException com.ibm.ISecurityLocalObjectBaseL13Impl.APPSECTaggedComponent.getAPPSECComponentData 302
     2      0    2/11/10 10:47:22:189 CST java.lang.NullPointerException com.ibm.ISecurityLocalObjectBaseL13Impl.SecurityComponentFactory.establish_components 436
     3      1    2/11/10 10:47:24:242 CST java.lang.ClassNotFoundException com.ibm.ws.management.AdminHelper.<clinit> 33
------+------+---------------------------+--------------------------

 Index  Count   Time of last Occurrence   Exception SourceId ProbeId
------+------+---------------------------+--------------------------
     1      0    2/11/10 10:51:55:678 CST java.lang.NullPointerException com.ibm.ISecurityLocalObjectBaseL13Impl.APPSECTaggedComponent.getAPPSECComponentData 302
     2      0    2/11/10 10:51:55:678 CST java.lang.NullPointerException com.ibm.ISecurityLocalObjectBaseL13Impl.SecurityComponentFactory.establish_components 436
     3      1    2/11/10 10:51:57:772 CST java.lang.ClassNotFoundException com.ibm.ws.management.AdminHelper.<clinit> 33
------+------+---------------------------+--------------------------

 Index  Count   Time of last Occurrence   Exception SourceId ProbeId
------+------+---------------------------+--------------------------
     1      0    2/11/10 10:54:41:479 CST java.lang.NullPointerException com.ibm.ISecurityLocalObjectBaseL13Impl.APPSECTaggedComponent.getAPPSECComponentData 302
     2      0    2/11/10 10:54:41:479 CST java.lang.NullPointerException com.ibm.ISecurityLocalObjectBaseL13Impl.SecurityComponentFactory.establish_components 436
     3      1    2/11/10 10:54:43:510 CST java.lang.ClassNotFoundException com.ibm.ws.management.AdminHelper.<clinit> 33
------+------+---------------------------+--------------------------

 Index  Count   Time of last Occurrence   Exception SourceId ProbeId
------+------+---------------------------+--------------------------
     1      0    2/11/10 10:55:33:654 CST java.lang.NullPointerException com.ibm.ISecurityLocalObjectBaseL13Impl.APPSECTaggedComponent.getAPPSECComponentData 302
     2      0    2/11/10 10:55:33:654 CST java.lang.NullPointerException com.ibm.ISecurityLocalObjectBaseL13Impl.SecurityComponentFactory.establish_components 436
     3      1    2/11/10 10:55:35:672 CST java.lang.ClassNotFoundException com.ibm.ws.management.AdminHelper.<clinit> 33
------+------+---------------------------+--------------------------

 Index  Count   Time of last Occurrence   Exception SourceId ProbeId
------+------+---------------------------+--------------------------
     1      0    2/11/10 10:58:01:610 CST java.lang.NullPointerException com.ibm.ISecurityLocalObjectBaseL13Impl.APPSECTaggedComponent.getAPPSECComponentData 302
     2      0    2/11/10 10:58:01:610 CST java.lang.NullPointerException com.ibm.ISecurityLocalObjectBaseL13Impl.SecurityComponentFactory.establish_components 436
     3      1    2/11/10 10:58:03:690 CST java.lang.ClassNotFoundException com.ibm.ws.management.AdminHelper.<clinit> 33
------+------+---------------------------+--------------------------

 Index  Count   Time of last Occurrence   Exception SourceId ProbeId
------+------+---------------------------+--------------------------
     1      0    2/11/10 10:58:58:858 CST java.lang.NullPointerException com.ibm.ISecurityLocalObjectBaseL13Impl.APPSECTaggedComponent.getAPPSECComponentData 302
     2      0    2/11/10 10:58:58:858 CST java.lang.NullPointerException com.ibm.ISecurityLocalObjectBaseL13Impl.SecurityComponentFactory.establish_components 436
     3      1    2/11/10 10:59:01:295 CST java.lang.ClassNotFoundException com.ibm.ws.management.AdminHelper.<clinit> 33
------+------+---------------------------+--------------------------

 Index  Count   Time of last Occurrence   Exception SourceId ProbeId
------+------+---------------------------+--------------------------
     1      0    2/11/10 11:00:07:792 CST java.lang.NullPointerException com.ibm.ISecurityLocalObjectBaseL13Impl.APPSECTaggedComponent.getAPPSECComponentData 302
     2      0    2/11/10 11:00:07:792 CST java.lang.NullPointerException com.ibm.ISecurityLocalObjectBaseL13Impl.SecurityComponentFactory.establish_components 436
     3      1    2/11/10 11:00:10:251 CST java.lang.ClassNotFoundException com.ibm.ws.management.AdminHelper.<clinit> 33
------+------+---------------------------+--------------------------

 Index  Count   Time of last Occurrence   Exception SourceId ProbeId
------+------+---------------------------+--------------------------
     1      0    2/11/10 11:01:32:448 CST java.lang.NullPointerException com.ibm.ISecurityLocalObjectBaseL13Impl.APPSECTaggedComponent.getAPPSECComponentData 302
     2      0    2/11/10 11:01:32:448 CST java.lang.NullPointerException com.ibm.ISecurityLocalObjectBaseL13Impl.SecurityComponentFactory.establish_components 436
     3      1    2/11/10 11:01:34:504 CST java.lang.ClassNotFoundException com.ibm.ws.management.AdminHelper.<clinit> 33
------+------+---------------------------+--------------------------

 Index  Count   Time of last Occurrence   Exception SourceId ProbeId
------+------+---------------------------+--------------------------
     1      0    2/11/10 11:01:39:231 CST java.lang.NullPointerException com.ibm.ISecurityLocalObjectBaseL13Impl.APPSECTaggedComponent.getAPPSECComponentData 302
     2      0    2/11/10 11:01:39:231 CST java.lang.NullPointerException com.ibm.ISecurityLocalObjectBaseL13Impl.SecurityComponentFactory.establish_components 436
     3      1    2/11/10 11:01:41:555 CST java.lang.ClassNotFoundException com.ibm.ws.management.AdminHelper.<clinit> 33
------+------+---------------------------+--------------------------

 Index  Count   Time of last Occurrence   Exception SourceId ProbeId
------+------+---------------------------+--------------------------
     1      0    2/11/10 11:12:08:929 CST java.lang.NullPointerException com.ibm.ISecurityLocalObjectBaseL13Impl.APPSECTaggedComponent.getAPPSECComponentData 302
     2      0    2/11/10 11:12:08:929 CST java.lang.NullPointerException com.ibm.ISecurityLocalObjectBaseL13Impl.SecurityComponentFactory.establish_components 436
     3      1    2/11/10 11:12:11:290 CST java.lang.ClassNotFoundException com.ibm.ws.management.AdminHelper.<clinit> 33
------+------+---------------------------+--------------------------
+    4      1    2/11/10 11:13:26:219 CST com.ibm.websphere.objectgrid.TransactionException class com.ibm.ws.objectgrid.datagrid.ReduceAgentCommand.run() 170

 Index  Count   Time of last Occurrence   Exception SourceId ProbeId
------+------+---------------------------+--------------------------
     1      0    2/11/10 11:18:31:265 CST java.lang.NullPointerException com.ibm.ISecurityLocalObjectBaseL13Impl.APPSECTaggedComponent.getAPPSECComponentData 302
     2      0    2/11/10 11:18:31:265 CST java.lang.NullPointerException com.ibm.ISecurityLocalObjectBaseL13Impl.SecurityComponentFactory.establish_components 436
     3      1    2/11/10 11:18:33:639 CST java.lang.ClassNotFoundException com.ibm.ws.management.AdminHelper.<clinit> 33
------+------+---------------------------+--------------------------

 Index  Count   Time of last Occurrence   Exception SourceId ProbeId
------+------+---------------------------+--------------------------
     1      0    2/11/10 11:19:48:958 CST java.lang.NullPointerException com.ibm.ISecurityLocalObjectBaseL13Impl.APPSECTaggedComponent.getAPPSECComponentData 302
     2      0    2/11/10 11:19:48:958 CST java.lang.NullPointerException com.ibm.ISecurityLocalObjectBaseL13Impl.SecurityComponentFactory.establish_components 436
     3      1    2/11/10 11:19:51:047 CST java.lang.ClassNotFoundException com.ibm.ws.management.AdminHelper.<clinit> 33
------+------+---------------------------+--------------------------

 Index  Count   Time of last Occurrence   Exception SourceId ProbeId
------+------+---------------------------+--------------------------
     1      0    2/11/10 11:21:15:688 CST java.lang.NullPointerException com.ibm.ISecurityLocalObjectBaseL13Impl.APPSECTaggedComponent.getAPPSECComponentData 302
     2      0    2/11/10 11:21:15:688 CST java.lang.NullPointerException com.ibm.ISecurityLocalObjectBaseL13Impl.SecurityComponentFactory.establish_components 436
     3      1    2/11/10 11:21:18:073 CST java.lang.ClassNotFoundException com.ibm.ws.management.AdminHelper.<clinit> 33
------+------+---------------------------+--------------------------
+    4      1    2/11/10 11:21:31:232 CST com.ibm.websphere.objectgrid.ConnectException com.ibm.ws.objectgrid.em.EMFactoryImpl.activate 340
+    5      1    2/11/10 11:21:31:280 CST com.ibm.websphere.objectgrid.em.PersistenceException com.ibm.ws.objectgrid.Launcher.launchServerRuntimeFrameWork 381

 Index  Count   Time of last Occurrence   Exception SourceId ProbeId
------+------+---------------------------+--------------------------
     1      0    2/11/10 11:21:44:004 CST java.lang.NullPointerException com.ibm.ISecurityLocalObjectBaseL13Impl.APPSECTaggedComponent.getAPPSECComponentData 302
     2      0    2/11/10 11:21:44:004 CST java.lang.NullPointerException com.ibm.ISecurityLocalObjectBaseL13Impl.SecurityComponentFactory.establish_components 436
     3      1    2/11/10 11:21:46:374 CST java.lang.ClassNotFoundException com.ibm.ws.management.AdminHelper.<clinit> 33
------+------+---------------------------+--------------------------

 Index  Count   Time of last Occurrence   Exception SourceId ProbeId
------+------+---------------------------+--------------------------
     1      0    2/11/10 11:25:53:517 CST java.lang.NullPointerException com.ibm.ISecurityLocalObjectBaseL13Impl.APPSECTaggedComponent.getAPPSECComponentData 302
     2      0    2/11/10 11:25:53:517 CST java.lang.NullPointerException com.ibm.ISecurityLocalObjectBaseL13Impl.SecurityComponentFactory.establish_components 436
     3      1    2/11/10 11:25:55:840 CST java.lang.ClassNotFoundException com.ibm.ws.management.AdminHelper.<clinit> 33
------+------+---------------------------+--------------------------

 Index  Count   Time of last Occurrence   Exception SourceId ProbeId
------+------+---------------------------+--------------------------
     1      0    2/11/10 11:26:33:113 CST java.lang.NullPointerException com.ibm.ISecurityLocalObjectBaseL13Impl.APPSECTaggedComponent.getAPPSECComponentData 302
     2      0    2/11/10 11:26:33:113 CST java.lang.NullPointerException com.ibm.ISecurityLocalObjectBaseL13Impl.SecurityComponentFactory.establish_components 436
     3      1    2/11/10 11:26:35:153 CST java.lang.ClassNotFoundException com.ibm.ws.management.AdminHelper.<clinit> 33
------+------+---------------------------+--------------------------

 Index  Count   Time of last Occurrence   Exception SourceId ProbeId
------+------+---------------------------+--------------------------
     1      0    2/11/10 11:31:47:322 CST java.lang.NullPointerException com.ibm.ISecurityLocalObjectBaseL13Impl.APPSECTaggedComponent.getAPPSECComponentData 302
     2      0    2/11/10 11:31:47:322 CST java.lang.NullPointerException com.ibm.ISecurityLocalObjectBaseL13Impl.SecurityComponentFactory.establish_components 436
     3      1    2/11/10 11:31:49:620 CST java.lang.ClassNotFoundException com.ibm.ws.management.AdminHelper.<clinit> 33
------+------+---------------------------+--------------------------

 Index  Count   Time of last Occurrence   Exception SourceId ProbeId
------+------+---------------------------+--------------------------
     1      0    2/11/10 11:36:08:446 CST java.lang.NullPointerException com.ibm.ISecurityLocalObjectBaseL13Impl.APPSECTaggedComponent.getAPPSECComponentData 302
     2      0    2/11/10 11:36:08:446 CST java.lang.NullPointerException com.ibm.ISecurityLocalObjectBaseL13Impl.SecurityComponentFactory.establish_components 436
     3      1    2/11/10 11:36:10:805 CST java.lang.ClassNotFoundException com.ibm.ws.management.AdminHelper.<clinit> 33
------+------+---------------------------+--------------------------

 Index  Count   Time of last Occurrence   Exception SourceId ProbeId
------+------+---------------------------+--------------------------
     1      0    2/11/10 11:47:21:862 CST java.lang.NullPointerException com.ibm.ISecurityLocalObjectBaseL13Impl.APPSECTaggedComponent.getAPPSECComponentData 302
     2      0    2/11/10 11:47:21:862 CST java.lang.NullPointerException com.ibm.ISecurityLocalObjectBaseL13Impl.SecurityComponentFactory.establish_components 436
     3      1    2/11/10 11:47:23:908 CST java.lang.ClassNotFoundException com.ibm.ws.management.AdminHelper.<clinit> 33
------+------+---------------------------+--------------------------

 Index  Count   Time of last Occurrence   Exception SourceId ProbeId
------+------+---------------------------+--------------------------
     1      0    2/11/10 11:56:21:456 CST java.lang.NullPointerException com.ibm.ISecurityLocalObjectBaseL13Impl.APPSECTaggedComponent.getAPPSECComponentData 302
     2      0    2/11/10 11:56:21:456 CST java.lang.NullPointerException com.ibm.ISecurityLocalObjectBaseL13Impl.SecurityComponentFactory.establish_components 436
     3      1    2/11/10 11:56:23:513 CST java.lang.ClassNotFoundException com.ibm.ws.management.AdminHelper.<clinit> 33
------+------+---------------------------+--------------------------

 Index  Count   Time of last Occurrence   Exception SourceId ProbeId
------+------+---------------------------+--------------------------
     1      0    2/11/10 11:58:40:455 CST java.lang.NullPointerException com.ibm.ISecurityLocalObjectBaseL13Impl.APPSECTaggedComponent.getAPPSECComponentData 302
     2      0    2/11/10 11:58:40:455 CST java.lang.NullPointerException com.ibm.ISecurityLocalObjectBaseL13Impl.SecurityComponentFactory.establish_components 436
     3      1    2/11/10 11:58:42:473 CST java.lang.ClassNotFoundException com.ibm.ws.management.AdminHelper.<clinit> 33
------+------+---------------------------+--------------------------

 Index  Count   Time of last Occurrence   Exception SourceId ProbeId
------+------+---------------------------+--------------------------
     1      0    2/11/10 13:07:42:581 CST java.lang.NullPointerException com.ibm.ISecurityLocalObjectBaseL13Impl.APPSECTaggedComponent.getAPPSECComponentData 302
     2      0    2/11/10 13:07:42:581 CST java.lang.NullPointerException com.ibm.ISecurityLocalObjectBaseL13Impl.SecurityComponentFactory.establish_components 436
     3      1    2/11/10 13:07:44:626 CST java.lang.ClassNotFoundException com.ibm.ws.management.AdminHelper.<clinit> 33
------+------+---------------------------+--------------------------

 Index  Count   Time of last Occurrence   Exception SourceId ProbeId
------+------+---------------------------+--------------------------
     1      0    2/11/10 13:09:07:724 CST java.lang.NullPointerException com.ibm.ISecurityLocalObjectBaseL13Impl.APPSECTaggedComponent.getAPPSECComponentData 302
     2      0    2/11/10 13:09:07:724 CST java.lang.NullPointerException com.ibm.ISecurityLocalObjectBaseL13Impl.SecurityComponentFactory.establish_components 436
     3      1    2/11/10 13:09:10:135 CST java.lang.ClassNotFoundException com.ibm.ws.management.AdminHelper.<clinit> 33
------+------+---------------------------+--------------------------

 Index  Count   Time of last Occurrence   Exception SourceId ProbeId
------+------+---------------------------+--------------------------
     1      0    2/11/10 13:11:19:272 CST java.lang.NullPointerException com.ibm.ISecurityLocalObjectBaseL13Impl.APPSECTaggedComponent.getAPPSECComponentData 302
     2      0    2/11/10 13:11:19:272 CST java.lang.NullPointerException com.ibm.ISecurityLocalObjectBaseL13Impl.SecurityComponentFactory.establish_components 436
     3      1    2/11/10 13:11:21:624 CST java.lang.ClassNotFoundException com.ibm.ws.management.AdminHelper.<clinit> 33
------+------+---------------------------+--------------------------
+    4      1    2/11/10 13:11:34:741 CST com.ibm.websphere.objectgrid.ConnectException com.ibm.ws.objectgrid.em.EMFactoryImpl.activate 340
+    5      1    2/11/10 13:11:34:784 CST com.ibm.websphere.objectgrid.em.PersistenceException com.ibm.ws.objectgrid.Launcher.launchServerRuntimeFrameWork 381

 Index  Count   Time of last Occurrence   Exception SourceId ProbeId
------+------+---------------------------+--------------------------
     1      0    2/11/10 13:12:27:926 CST java.lang.NullPointerException com.ibm.ISecurityLocalObjectBaseL13Impl.APPSECTaggedComponent.getAPPSECComponentData 302
     2      0    2/11/10 13:12:27:926 CST java.lang.NullPointerException com.ibm.ISecurityLocalObjectBaseL13Impl.SecurityComponentFactory.establish_components 436
     3      1    2/11/10 13:12:30:217 CST java.lang.ClassNotFoundException com.ibm.ws.management.AdminHelper.<clinit> 33
------+------+---------------------------+--------------------------

 Index  Count   Time of last Occurrence   Exception SourceId ProbeId
------+------+---------------------------+--------------------------
     1      0    2/11/10 13:15:33:832 CST java.lang.NullPointerException com.ibm.ISecurityLocalObjectBaseL13Impl.APPSECTaggedComponent.getAPPSECComponentData 302
     2      0    2/11/10 13:15:33:832 CST java.lang.NullPointerException com.ibm.ISecurityLocalObjectBaseL13Impl.SecurityComponentFactory.establish_components 436
     3      1    2/11/10 13:15:36:249 CST java.lang.ClassNotFoundException com.ibm.ws.management.AdminHelper.<clinit> 33
------+------+---------------------------+--------------------------

 Index  Count   Time of last Occurrence   Exception SourceId ProbeId
------+------+---------------------------+--------------------------
     1      0    2/11/10 13:23:57:503 CST java.lang.NullPointerException com.ibm.ISecurityLocalObjectBaseL13Impl.APPSECTaggedComponent.getAPPSECComponentData 302
     2      0    2/11/10 13:23:57:503 CST java.lang.NullPointerException com.ibm.ISecurityLocalObjectBaseL13Impl.SecurityComponentFactory.establish_components 436
     3      1    2/11/10 13:23:59:777 CST java.lang.ClassNotFoundException com.ibm.ws.management.AdminHelper.<clinit> 33
------+------+---------------------------+--------------------------

 Index  Count   Time of last Occurrence   Exception SourceId ProbeId
------+------+---------------------------+--------------------------
     1      0    2/11/10 13:46:56:349 CST java.lang.NullPointerException com.ibm.ISecurityLocalObjectBaseL13Impl.APPSECTaggedComponent.getAPPSECComponentData 302
     2      0    2/11/10 13:46:56:349 CST java.lang.NullPointerException com.ibm.ISecurityLocalObjectBaseL13Impl.SecurityComponentFactory.establish_components 436
     3      1    2/11/10 13:46:58:581 CST java.lang.ClassNotFoundException com.ibm.ws.management.AdminHelper.<clinit> 33
------+------+---------------------------+--------------------------

 Index  Count   Time of last Occurrence   Exception SourceId ProbeId
------+------+---------------------------+--------------------------
     1      0    2/11/10 13:48:53:980 CST java.lang.NullPointerException com.ibm.ISecurityLocalObjectBaseL13Impl.APPSECTaggedComponent.getAPPSECComponentData 302
     2      0    2/11/10 13:48:53:980 CST java.lang.NullPointerException com.ibm.ISecurityLocalObjectBaseL13Impl.SecurityComponentFactory.establish_components 436
     3      1    2/11/10 13:48:56:029 CST java.lang.ClassNotFoundException com.ibm.ws.management.AdminHelper.<clinit> 33
------+------+---------------------------+--------------------------
