
 Index  Count   Time of last Occurrence   Exception SourceId ProbeId
------+------+---------------------------+--------------------------
     1      0    1/25/10 22:07:34:796 CST java.lang.NullPointerException com.ibm.ISecurityLocalObjectBaseL13Impl.APPSECTaggedComponent.getAPPSECComponentData 302
     2      0    1/25/10 22:07:34:796 CST java.lang.NullPointerException com.ibm.ISecurityLocalObjectBaseL13Impl.SecurityComponentFactory.establish_components 436
     3      1    1/25/10 22:07:37:948 CST java.lang.ClassNotFoundException com.ibm.ws.management.AdminHelper.<clinit> 33
------+------+---------------------------+--------------------------

 Index  Count   Time of last Occurrence   Exception SourceId ProbeId
------+------+---------------------------+--------------------------
     1      0    1/25/10 22:09:46:205 CST java.lang.NullPointerException com.ibm.ISecurityLocalObjectBaseL13Impl.APPSECTaggedComponent.getAPPSECComponentData 302
     2      0    1/25/10 22:09:46:205 CST java.lang.NullPointerException com.ibm.ISecurityLocalObjectBaseL13Impl.SecurityComponentFactory.establish_components 436
     3      1    1/25/10 22:09:48:290 CST java.lang.ClassNotFoundException com.ibm.ws.management.AdminHelper.<clinit> 33
------+------+---------------------------+--------------------------

 Index  Count   Time of last Occurrence   Exception SourceId ProbeId
------+------+---------------------------+--------------------------
     1      0    1/25/10 22:12:28:069 CST java.lang.NullPointerException com.ibm.ISecurityLocalObjectBaseL13Impl.APPSECTaggedComponent.getAPPSECComponentData 302
     2      0    1/25/10 22:12:28:069 CST java.lang.NullPointerException com.ibm.ISecurityLocalObjectBaseL13Impl.SecurityComponentFactory.establish_components 436
     3      1    1/25/10 22:12:30:110 CST java.lang.ClassNotFoundException com.ibm.ws.management.AdminHelper.<clinit> 33
------+------+---------------------------+--------------------------

 Index  Count   Time of last Occurrence   Exception SourceId ProbeId
------+------+---------------------------+--------------------------
     1      0    1/25/10 22:14:24:477 CST java.lang.NullPointerException com.ibm.ISecurityLocalObjectBaseL13Impl.APPSECTaggedComponent.getAPPSECComponentData 302
     2      0    1/25/10 22:14:24:477 CST java.lang.NullPointerException com.ibm.ISecurityLocalObjectBaseL13Impl.SecurityComponentFactory.establish_components 436
     3      1    1/25/10 22:14:26:729 CST java.lang.ClassNotFoundException com.ibm.ws.management.AdminHelper.<clinit> 33
------+------+---------------------------+--------------------------

 Index  Count   Time of last Occurrence   Exception SourceId ProbeId
------+------+---------------------------+--------------------------
     1      0    1/25/10 22:16:24:304 CST java.lang.NullPointerException com.ibm.ISecurityLocalObjectBaseL13Impl.APPSECTaggedComponent.getAPPSECComponentData 302
     2      0    1/25/10 22:16:24:304 CST java.lang.NullPointerException com.ibm.ISecurityLocalObjectBaseL13Impl.SecurityComponentFactory.establish_components 436
     3      1    1/25/10 22:16:26:616 CST java.lang.ClassNotFoundException com.ibm.ws.management.AdminHelper.<clinit> 33
------+------+---------------------------+--------------------------
